<?xml version="1.0" encoding="UTF-8"?>
<testsuite name="ru.nsu.abramenko.HeapsortTest" tests="5" skipped="0" failures="0" errors="0" timestamp="2024-09-10T08:22:02" hostname="abrikosjr-lx" time="0.112">
  <properties/>
  <testcase name="BigSampleArray" classname="ru.nsu.abramenko.HeapsortTest" time="0.051"/>
  <testcase name="RandomArray" classname="ru.nsu.abramenko.HeapsortTest" time="0.014"/>
  <testcase name="SampleArray" classname="ru.nsu.abramenko.HeapsortTest" time="0.002"/>
  <testcase name="checkMain()" classname="ru.nsu.abramenko.HeapsortTest" time="0.022"/>
  <testcase name="SortedArray" classname="ru.nsu.abramenko.HeapsortTest" time="0.002"/>
  <system-out><![CDATA[1 2 3 4 5 
]]></system-out>
  <system-err><![CDATA[]]></system-err>
</testsuite>
